<?xml version="1.0" encoding="UTF-8"?>
<!-- Generated by org.testng.reporters.JUnitXMLReporter -->
<testsuite hostname="MABOSPKUMAR-L1" name="Default test" tests="3" failures="0" timestamp="14 Feb 2013 20:02:48 GMT" time="26.015" errors="0">
  <testcase name="verifyActivityPageHeader" time="0.094" classname="com.qait.cxp.maintest.ALaunchActivityPageTest"/>
  <testcase name="verify_Select_Xml_and_Load" time="8.344" classname="com.qait.cxp.maintest.ALaunchActivityPageTest"/>
  <testcase name="verify_Take_Assignment" time="4.031" classname="com.qait.cxp.maintest.ALaunchActivityPageTest"/>
</testsuite> <!-- Default test -->
