<?xml version="1.0" encoding="UTF-8"?>
<!-- Generated by org.testng.reporters.JUnitXMLReporter -->
<testsuite hostname="MABOSPKUMAR-L1" name="Command line test" tests="42" failures="1" timestamp="21 Feb 2013 19:37:52 GMT" time="45.515" errors="0">
  <testcase name="verifyActivityPageHeader" time="0.094" classname="com.qait.cxp.maintest.ALaunchActivityPageTest"/>
  <testcase name="verifyClickingOnTryAnotherVersionReloadsFITBItem" time="0.0" classname="com.qait.cxp.maintest.BSimpleTestContentLaunchTest"/>
  <testcase name="verifyClickingOnTryAnotherVersionReloadsMultipleChoiceItem" time="0.0" classname="com.qait.cxp.maintest.BSimpleTestContentLaunchTest"/>
  <testcase name="verifyClikingOnNextLinkLoadsNextFITBItem" time="0.0" classname="com.qait.cxp.maintest.BSimpleTestContentLaunchTest"/>
  <testcase name="verifyNextLinkOnFITBItemAfterSubmitIsActive" time="0.0" classname="com.qait.cxp.maintest.BSimpleTestContentLaunchTest"/>
  <testcase name="verifyNextLinkOnMultipleChoiceItemAfterSubmitIsActive" time="0.0" classname="com.qait.cxp.maintest.BSimpleTestContentLaunchTest"/>
  <testcase name="verifySubmitAnswerButtonOnFITBItemAfterSubmitAndReloadIsActive" time="0.0" classname="com.qait.cxp.maintest.BSimpleTestContentLaunchTest"/>
  <testcase name="verifySubmitAnswerButtonOnFITBItemAfterSubmitIsInactive" time="0.0" classname="com.qait.cxp.maintest.BSimpleTestContentLaunchTest"/>
  <testcase name="verifySubmitAnswerButtonOnFITBItemAfterSubmitReloadAndSubmitIsInactive" time="0.0" classname="com.qait.cxp.maintest.BSimpleTestContentLaunchTest"/>
  <testcase name="verifySubmitAnswerButtonOnMultipleChoiceAfterSubmitAndReloadIsActive" time="0.0" classname="com.qait.cxp.maintest.BSimpleTestContentLaunchTest"/>
  <testcase name="verifySubmitAnswerButtonOnMultipleChoiceItemAfterSubmitIsInactive" time="0.0" classname="com.qait.cxp.maintest.BSimpleTestContentLaunchTest"/>
  <testcase name="verifySubmitAnswerButtonOnMultipleChoiceItemAfterSubmitReloadAndSubmitIsInactive" time="0.0" classname="com.qait.cxp.maintest.BSimpleTestContentLaunchTest"/>
  <testcase name="verifySubmittingCorrectAnswerForFITBShowsCorrectRejoinder" time="0.0" classname="com.qait.cxp.maintest.BSimpleTestContentLaunchTest"/>
  <testcase name="verifySubmittingCorrectAnswerForMultipleChoiceShowsShowsCorrectRejoinder" time="0.0" classname="com.qait.cxp.maintest.BSimpleTestContentLaunchTest"/>
  <testcase name="verifyTryAnotherButtonOnFITBItemAfterSubmitAndReloadIsInactive" time="0.0" classname="com.qait.cxp.maintest.BSimpleTestContentLaunchTest"/>
  <testcase name="verifyTryAnotherButtonOnMultipleChoiceItemAfterSubmitAndReloadIsInactive" time="0.0" classname="com.qait.cxp.maintest.BSimpleTestContentLaunchTest"/>
  <testcase name="verifyTryAnotherVersionButtonOnFITBItemAfterSubmitIsActive" time="0.0" classname="com.qait.cxp.maintest.BSimpleTestContentLaunchTest"/>
  <testcase name="verifyTryAnotherVersionButtonOnFITBItemAfterSubmitReloadAndSubmitIsActive" time="0.0" classname="com.qait.cxp.maintest.BSimpleTestContentLaunchTest"/>
  <testcase name="verifyTryAnotherVersionButtonOnMultipleChoiceItemAfterSubmitIsActive" time="0.0" classname="com.qait.cxp.maintest.BSimpleTestContentLaunchTest"/>
  <testcase name="verify_Select_Xml_and_Load" time="7.313" classname="com.qait.cxp.maintest.ALaunchActivityPageTest"/>
  <testcase name="verify_Take_Assignment" time="5.422" classname="com.qait.cxp.maintest.ALaunchActivityPageTest"/>
  <testcase name="verifySimpleTestContentPageHeader" time="1.172" classname="com.qait.cxp.maintest.BSimpleTestContentLaunchTest"/>
  <testcase name="verifyShowScoresButtonIsActive" time="0.094" classname="com.qait.cxp.maintest.BSimpleTestContentLaunchTest"/>
  <testcase name="verifyReviewButtonIsActive" time="0.078" classname="com.qait.cxp.maintest.BSimpleTestContentLaunchTest"/>
  <testcase name="verifyNewTestButtonIsActive" time="0.078" classname="com.qait.cxp.maintest.BSimpleTestContentLaunchTest"/>
  <testcase name="verifyMultipleChoiceItemIsLoaded" time="2.359" classname="com.qait.cxp.maintest.BSimpleTestContentLaunchTest"/>
  <testcase name="verifyReviewTopicButtonIsEnabled" time="1.157" classname="com.qait.cxp.maintest.BSimpleTestContentLaunchTest"/>
  <testcase name="verifyClickingOnReviewTopicButtonShowsReviewTopics" time="1.39" classname="com.qait.cxp.maintest.BSimpleTestContentLaunchTest"/>
  <testcase name="verifyClickingOnReviewTopicShowsReviewTopicPage" time="1.735" classname="com.qait.cxp.maintest.BSimpleTestContentLaunchTest"/>
  <testcase name="verifyCloseReviewTopics" time="1.64" classname="com.qait.cxp.maintest.BSimpleTestContentLaunchTest"/>
  <testcase name="verifyShowHintButtonIsEnabled" time="1.157" classname="com.qait.cxp.maintest.BSimpleTestContentLaunchTest"/>
  <testcase name="verifyClickingOnShowHintButtonShowsHint" time="1.468" classname="com.qait.cxp.maintest.BSimpleTestContentLaunchTest"/>
  <testcase name="verifyShowHintIsChangedToHideHint" time="0.094" classname="com.qait.cxp.maintest.BSimpleTestContentLaunchTest"/>
  <testcase name="verifyClickingOnHideHintClosesHint" time="0.438" classname="com.qait.cxp.maintest.BSimpleTestContentLaunchTest"/>
  <testcase name="verifyReferencesButtonIsEnabled" time="1.156" classname="com.qait.cxp.maintest.BSimpleTestContentLaunchTest"/>
  <testcase name="verifyClickOnReferencesButtonShowsReferencesList" time="1.562" classname="com.qait.cxp.maintest.BSimpleTestContentLaunchTest"/>
  <testcase name="verifyClickingOnReferencesShowsReferencesPage" time="5.438" classname="com.qait.cxp.maintest.BSimpleTestContentLaunchTest"/>
  <testcase name="verifySubmitAnswerButtonOnMultipleChoiceItemBeforeSubmitIsActive" time="0.093" classname="com.qait.cxp.maintest.BSimpleTestContentLaunchTest"/>
  <testcase name="verifyTryAnotherButtonOnMultipleChoiceItemBeforeSubmitIsInactive" time="0.079" classname="com.qait.cxp.maintest.BSimpleTestContentLaunchTest"/>
  <testcase name="verifyNextLinkOnMultipleChoiceFirstItemIsActive" time="0.093" classname="com.qait.cxp.maintest.BSimpleTestContentLaunchTest"/>
  <testcase name="verifyPrevLinkOnMultipleChoiceFirstItemIsNotPresent" time="0.094" classname="com.qait.cxp.maintest.BSimpleTestContentLaunchTest"/>
  <testcase name="verifySubmittingIncorrectAnswerForMultipleChoiceShowsIncorrectRejoinder" time="0.406" classname="com.qait.cxp.maintest.BSimpleTestContentLaunchTest">
    <failure type="java.lang.NullPointerException">
      <![CDATA[java.lang.NullPointerException
	at com.qait.cxp.maintest.BSimpleTestContentLaunchTest.verifySubmittingIncorrectAnswerForMultipleChoiceShowsIncorrectRejoinder(BSimpleTestContentLaunchTest.java:153)
	at org.apache.maven.surefire.testng.TestNGExecutor.run(TestNGExecutor.java:70)
	at org.apache.maven.surefire.testng.TestNGDirectoryTestSuite.executeMulti(TestNGDirectoryTestSuite.java:158)
	at org.apache.maven.surefire.testng.TestNGDirectoryTestSuite.execute(TestNGDirectoryTestSuite.java:98)
	at org.apache.maven.surefire.testng.TestNGProvider.invoke(TestNGProvider.java:111)
	at org.apache.maven.surefire.util.ReflectionUtils.invokeMethodWithArray(ReflectionUtils.java:164)
	at org.apache.maven.surefire.booter.ProviderFactory$ProviderProxy.invoke(ProviderFactory.java:110)
	at org.apache.maven.surefire.booter.SurefireStarter.invokeProvider(SurefireStarter.java:175)
	at org.apache.maven.surefire.booter.SurefireStarter.runSuitesInProcessWhenForked(SurefireStarter.java:107)
	at org.apache.maven.surefire.booter.ForkedBooter.main(ForkedBooter.java:68)
... Removed 25 stack frames]]>
    </failure>
  </testcase> <!-- verifySubmittingIncorrectAnswerForMultipleChoiceShowsIncorrectRejoinder -->
</testsuite> <!-- Command line test -->
