<?xml version="1.0" encoding="UTF-8"?>
<!-- Generated by org.testng.reporters.JUnitXMLReporter -->
<testsuite hostname="MABOSPKUMAR-L1" name="Command line test" tests="38" failures="0" timestamp="19 Feb 2013 16:30:00 GMT" time="28.899" errors="0">
  <testcase name="verifyActivityPageHeader" time="0.094" classname="com.qait.cxp.maintest.ALaunchActivityPageTest"/>
  <testcase name="verifyClickOnHideHint" time="0.0" classname="com.qait.cxp.maintest.BSimpleTestContentLaunchTest"/>
  <testcase name="verifyClickOnReferencesButtonShowsReferencesList" time="0.0" classname="com.qait.cxp.maintest.BSimpleTestContentLaunchTest"/>
  <testcase name="verifyClickOnReviewTopicButton" time="0.0" classname="com.qait.cxp.maintest.BSimpleTestContentLaunchTest"/>
  <testcase name="verifyClickingOnReferencesShowsReferencesPage" time="0.0" classname="com.qait.cxp.maintest.BSimpleTestContentLaunchTest"/>
  <testcase name="verifyClickingOnReviewTopicShowsReviewTopicPage" time="0.0" classname="com.qait.cxp.maintest.BSimpleTestContentLaunchTest"/>
  <testcase name="verifyClickingOnShowHintButtonShowsHint" time="0.0" classname="com.qait.cxp.maintest.BSimpleTestContentLaunchTest"/>
  <testcase name="verifyClickingOnTryAnotherVersionReloadsFITBItem" time="0.0" classname="com.qait.cxp.maintest.BSimpleTestContentLaunchTest"/>
  <testcase name="verifyClickingOnTryAnotherVersionReloadsMultipleChoiceItem" time="0.0" classname="com.qait.cxp.maintest.BSimpleTestContentLaunchTest"/>
  <testcase name="verifyClikingOnNextLinkLoadsNextFITBItem" time="0.0" classname="com.qait.cxp.maintest.BSimpleTestContentLaunchTest"/>
  <testcase name="verifyCloseReviewTopics" time="0.0" classname="com.qait.cxp.maintest.BSimpleTestContentLaunchTest"/>
  <testcase name="verifyClosingReferencesPage" time="0.0" classname="com.qait.cxp.maintest.BSimpleTestContentLaunchTest"/>
  <testcase name="verifyNextLinkOnFITBItemAfterSubmitIsActive" time="0.0" classname="com.qait.cxp.maintest.BSimpleTestContentLaunchTest"/>
  <testcase name="verifyNextLinkOnMultipleChoiceItemAfterSubmitIsActive" time="0.0" classname="com.qait.cxp.maintest.BSimpleTestContentLaunchTest"/>
  <testcase name="verifyNextLinkOnMultipleChoiceItemBeforeSubmitIsActive" time="0.0" classname="com.qait.cxp.maintest.BSimpleTestContentLaunchTest"/>
  <testcase name="verifyReviewTopicsAppear" time="0.0" classname="com.qait.cxp.maintest.BSimpleTestContentLaunchTest"/>
  <testcase name="verifyShowHintButtonIsEnabled" time="0.0" classname="com.qait.cxp.maintest.BSimpleTestContentLaunchTest"/>
  <testcase name="verifySubmitAnswerButtonOnFITBItemAfterSubmitAndReloadIsActive" time="0.0" classname="com.qait.cxp.maintest.BSimpleTestContentLaunchTest"/>
  <testcase name="verifySubmitAnswerButtonOnFITBItemAfterSubmitIsInactive" time="0.0" classname="com.qait.cxp.maintest.BSimpleTestContentLaunchTest"/>
  <testcase name="verifySubmitAnswerButtonOnFITBItemAfterSubmitReloadAndSubmitIsInactive" time="0.0" classname="com.qait.cxp.maintest.BSimpleTestContentLaunchTest"/>
  <testcase name="verifySubmitAnswerButtonOnMultipleChoiceAfterSubmitAndReloadIsActive" time="0.0" classname="com.qait.cxp.maintest.BSimpleTestContentLaunchTest"/>
  <testcase name="verifySubmitAnswerButtonOnMultipleChoiceItemAfterSubmitIsInactive" time="0.0" classname="com.qait.cxp.maintest.BSimpleTestContentLaunchTest"/>
  <testcase name="verifySubmitAnswerButtonOnMultipleChoiceItemAfterSubmitReloadAndSubmitIsInactive" time="0.0" classname="com.qait.cxp.maintest.BSimpleTestContentLaunchTest"/>
  <testcase name="verifySubmitAnswerButtonOnMultipleChoiceItemBeforeSubmitIsActive" time="0.0" classname="com.qait.cxp.maintest.BSimpleTestContentLaunchTest"/>
  <testcase name="verifySubmittingCorrectAnswerForFITBShowsCorrectRejoinder" time="0.0" classname="com.qait.cxp.maintest.BSimpleTestContentLaunchTest"/>
  <testcase name="verifySubmittingCorrectAnswerForMultipleChoiceShowsShowsCorrectRejoinder" time="0.0" classname="com.qait.cxp.maintest.BSimpleTestContentLaunchTest"/>
  <testcase name="verifySubmittingIncorrectAnswerForMultipleChoiceShowsIncorrectRejoinder" time="0.0" classname="com.qait.cxp.maintest.BSimpleTestContentLaunchTest"/>
  <testcase name="verifyTryAnotherButtonOnFITBItemAfterSubmitAndReloadIsInactive" time="0.0" classname="com.qait.cxp.maintest.BSimpleTestContentLaunchTest"/>
  <testcase name="verifyTryAnotherButtonOnMultipleChoiceItemAfterSubmitAndReloadIsInactive" time="0.0" classname="com.qait.cxp.maintest.BSimpleTestContentLaunchTest"/>
  <testcase name="verifyTryAnotherButtonOnMultipleChoiceItemBeforeSubmitIsInactive" time="0.0" classname="com.qait.cxp.maintest.BSimpleTestContentLaunchTest"/>
  <testcase name="verifyTryAnotherVersionButtonOnFITBItemAfterSubmitIsActive" time="0.0" classname="com.qait.cxp.maintest.BSimpleTestContentLaunchTest"/>
  <testcase name="verifyTryAnotherVersionButtonOnFITBItemAfterSubmitReloadAndSubmitIsActive" time="0.0" classname="com.qait.cxp.maintest.BSimpleTestContentLaunchTest"/>
  <testcase name="verifyTryAnotherVersionButtonOnMultipleChoiceItemAfterSubmitIsActive" time="0.0" classname="com.qait.cxp.maintest.BSimpleTestContentLaunchTest"/>
  <testcase name="verify_Select_Xml_and_Load" time="7.717" classname="com.qait.cxp.maintest.ALaunchActivityPageTest"/>
  <testcase name="verify_Take_Assignment" time="3.484" classname="com.qait.cxp.maintest.ALaunchActivityPageTest"/>
  <testcase name="verifySimpleTestContentPageHeader" time="1.171" classname="com.qait.cxp.maintest.BSimpleTestContentLaunchTest"/>
  <testcase name="verifyMultipleChoiceItemIsLoaded" time="2.344" classname="com.qait.cxp.maintest.BSimpleTestContentLaunchTest"/>
  <testcase name="verifyReviewTopicButtonIsEnabled" time="1.156" classname="com.qait.cxp.maintest.BSimpleTestContentLaunchTest"/>
</testsuite> <!-- Command line test -->
