-------------------------------------------------------------------------------
Test set: TestSuite
-------------------------------------------------------------------------------
Tests run: 42, Failures: 1, Errors: 0, Skipped: 0, Time elapsed: 47.046 sec <<< FAILURE!
verifySubmittingIncorrectAnswerForMultipleChoiceShowsIncorrectRejoinder(com.qait.cxp.maintest.BSimpleTestContentLaunchTest)  Time elapsed: 0.422 sec  <<< FAILURE!
java.lang.NullPointerException
	at com.qait.cxp.maintest.BSimpleTestContentLaunchTest.verifySubmittingIncorrectAnswerForMultipleChoiceShowsIncorrectRejoinder(BSimpleTestContentLaunchTest.java:153)
