<?xml version="1.0" encoding="UTF-8" ?>
<testsuite failures="0" time="43.14" errors="0" skipped="0" tests="37" name="TestSuite">
  <properties>
[...]
</properties>
  <testcase time="0.093" classname="com.qait.cxp.maintest.ALaunchActivityPageTest" name="verifyActivityPageHeader"/>
  <testcase time="2.547" classname="com.qait.cxp.maintest.ALaunchActivityPageTest" name="verify_Select_Xml_and_Load"/>
  <testcase time="2.375" classname="com.qait.cxp.maintest.ALaunchActivityPageTest" name="verify_Take_Assignment"/>
  <testcase time="0" classname="com.qait.cxp.maintest.BSimpleTestContentLaunchTest" name="verifyClickOnHideHint"/>
  <testcase time="0" classname="com.qait.cxp.maintest.BSimpleTestContentLaunchTest" name="verifyClickOnReferencesButtonShowsReferencesList"/>
  <testcase time="0" classname="com.qait.cxp.maintest.BSimpleTestContentLaunchTest" name="verifyClickOnReviewTopicButton"/>
  <testcase time="0" classname="com.qait.cxp.maintest.BSimpleTestContentLaunchTest" name="verifyClickingOnReferencesShowsReferencesPage"/>
  <testcase time="0" classname="com.qait.cxp.maintest.BSimpleTestContentLaunchTest" name="verifyClickingOnReviewTopicShowsReviewTopicPage"/>
  <testcase time="0" classname="com.qait.cxp.maintest.BSimpleTestContentLaunchTest" name="verifyClickingOnShowHintButtonShowsHint"/>
  <testcase time="0" classname="com.qait.cxp.maintest.BSimpleTestContentLaunchTest" name="verifyClickingOnTryAnotherVersionReloadsFITBItem"/>
  <testcase time="0" classname="com.qait.cxp.maintest.BSimpleTestContentLaunchTest" name="verifyClickingOnTryAnotherVersionReloadsMultipleChoiceItem"/>
  <testcase time="0" classname="com.qait.cxp.maintest.BSimpleTestContentLaunchTest" name="verifyClikingOnNextLinkLoadsNextFITBItem"/>
  <testcase time="0" classname="com.qait.cxp.maintest.BSimpleTestContentLaunchTest" name="verifyCloseReviewTopics"/>
  <testcase time="0" classname="com.qait.cxp.maintest.BSimpleTestContentLaunchTest" name="verifyClosingReferencesPage"/>
  <testcase time="2.609" classname="com.qait.cxp.maintest.BSimpleTestContentLaunchTest" name="verifyMultipleChoiceItemIsLoaded"/>
  <testcase time="0" classname="com.qait.cxp.maintest.BSimpleTestContentLaunchTest" name="verifyNextLinkOnFITBItemAfterSubmitIsActive"/>
  <testcase time="0" classname="com.qait.cxp.maintest.BSimpleTestContentLaunchTest" name="verifyNextLinkOnMultipleChoiceItemAfterSubmitIsActive"/>
  <testcase time="0" classname="com.qait.cxp.maintest.BSimpleTestContentLaunchTest" name="verifyNextLinkOnMultipleChoiceItemBeforeSubmitIsActive"/>
  <testcase time="0" classname="com.qait.cxp.maintest.BSimpleTestContentLaunchTest" name="verifyReviewTopicButtonIsEnabled"/>
  <testcase time="0" classname="com.qait.cxp.maintest.BSimpleTestContentLaunchTest" name="verifyReviewTopicsAppear"/>
  <testcase time="0" classname="com.qait.cxp.maintest.BSimpleTestContentLaunchTest" name="verifyShowHintButtonIsEnabled"/>
  <testcase time="0" classname="com.qait.cxp.maintest.BSimpleTestContentLaunchTest" name="verifySubmitAnswerButtonOnFITBItemAfterSubmitAndReloadIsActive"/>
  <testcase time="0" classname="com.qait.cxp.maintest.BSimpleTestContentLaunchTest" name="verifySubmitAnswerButtonOnFITBItemAfterSubmitIsInactive"/>
  <testcase time="0" classname="com.qait.cxp.maintest.BSimpleTestContentLaunchTest" name="verifySubmitAnswerButtonOnFITBItemAfterSubmitReloadAndSubmitIsInactive"/>
  <testcase time="0" classname="com.qait.cxp.maintest.BSimpleTestContentLaunchTest" name="verifySubmitAnswerButtonOnMultipleChoiceAfterSubmitAndReloadIsActive"/>
  <testcase time="0" classname="com.qait.cxp.maintest.BSimpleTestContentLaunchTest" name="verifySubmitAnswerButtonOnMultipleChoiceItemAfterSubmitIsInactive"/>
  <testcase time="0" classname="com.qait.cxp.maintest.BSimpleTestContentLaunchTest" name="verifySubmitAnswerButtonOnMultipleChoiceItemAfterSubmitReloadAndSubmitIsInactive"/>
  <testcase time="0" classname="com.qait.cxp.maintest.BSimpleTestContentLaunchTest" name="verifySubmitAnswerButtonOnMultipleChoiceItemBeforeSubmitIsActive"/>
  <testcase time="0" classname="com.qait.cxp.maintest.BSimpleTestContentLaunchTest" name="verifySubmittingCorrectAnswerForFITBShowsCorrectRejoinder"/>
  <testcase time="0" classname="com.qait.cxp.maintest.BSimpleTestContentLaunchTest" name="verifySubmittingCorrectAnswerForMultipleChoiceShowsShowsCorrectRejoinder"/>
  <testcase time="0" classname="com.qait.cxp.maintest.BSimpleTestContentLaunchTest" name="verifySubmittingIncorrectAnswerForMultipleChoiceShowsIncorrectRejoinder"/>
  <testcase time="0" classname="com.qait.cxp.maintest.BSimpleTestContentLaunchTest" name="verifyTryAnotherButtonOnFITBItemAfterSubmitAndReloadIsInactive"/>
  <testcase time="0" classname="com.qait.cxp.maintest.BSimpleTestContentLaunchTest" name="verifyTryAnotherButtonOnMultipleChoiceItemAfterSubmitAndReloadIsInactive"/>
  <testcase time="0" classname="com.qait.cxp.maintest.BSimpleTestContentLaunchTest" name="verifyTryAnotherButtonOnMultipleChoiceItemBeforeSubmitIsInactive"/>
  <testcase time="0" classname="com.qait.cxp.maintest.BSimpleTestContentLaunchTest" name="verifyTryAnotherVersionButtonOnFITBItemAfterSubmitIsActive"/>
  <testcase time="0" classname="com.qait.cxp.maintest.BSimpleTestContentLaunchTest" name="verifyTryAnotherVersionButtonOnFITBItemAfterSubmitReloadAndSubmitIsActive"/>
  <testcase time="0" classname="com.qait.cxp.maintest.BSimpleTestContentLaunchTest" name="verifyTryAnotherVersionButtonOnMultipleChoiceItemAfterSubmitIsActive"/>
</testsuite>