<?xml version="1.0" encoding="UTF-8"?>
<testng-results skipped="0" failed="0" total="3" passed="3">
  <reporter-output>
  </reporter-output>
  <suite name="Default suite" duration-ms="23438" started-at="2013-02-22T20:58:41Z" finished-at="2013-02-22T20:59:04Z">
    <groups>
      <group name="To_Go_To_Next_Page">
        <method signature="ALaunchActivityPageTest.verify_Take_Assignment()[pri:0, instance:com.qait.cxp.maintest.ALaunchActivityPageTest@886462]" name="verify_Take_Assignment" class="com.qait.cxp.maintest.ALaunchActivityPageTest"/>
      </group> <!-- To_Go_To_Next_Page -->
    </groups>
    <test name="Default test" duration-ms="23438" started-at="2013-02-22T20:58:41Z" finished-at="2013-02-22T20:59:04Z">
      <class name="com.qait.cxp.maintest.ALaunchActivityPageTest">
        <test-method status="PASS" signature="startBrowser()[pri:0, instance:com.qait.cxp.maintest.ALaunchActivityPageTest@886462]" name="startBrowser" is-config="true" duration-ms="12828" started-at="2013-02-22T15:58:41Z" finished-at="2013-02-22T15:58:54Z">
          <reporter-output>
          </reporter-output>
        </test-method> <!-- startBrowser -->
        <test-method status="PASS" signature="verifyActivityPageHeader()[pri:0, instance:com.qait.cxp.maintest.ALaunchActivityPageTest@886462]" name="verifyActivityPageHeader" duration-ms="94" started-at="2013-02-22T15:58:54Z" finished-at="2013-02-22T15:58:54Z">
          <reporter-output>
          </reporter-output>
        </test-method> <!-- verifyActivityPageHeader -->
        <test-method status="PASS" signature="verify_Select_Xml_and_Load()[pri:0, instance:com.qait.cxp.maintest.ALaunchActivityPageTest@886462]" name="verify_Select_Xml_and_Load" duration-ms="7453" started-at="2013-02-22T15:58:54Z" depends-on-methods="com.qait.cxp.maintest.ALaunchActivityPageTest.verifyActivityPageHeader" finished-at="2013-02-22T15:59:01Z">
          <reporter-output>
          </reporter-output>
        </test-method> <!-- verify_Select_Xml_and_Load -->
        <test-method status="PASS" signature="verify_Take_Assignment()[pri:0, instance:com.qait.cxp.maintest.ALaunchActivityPageTest@886462]" name="verify_Take_Assignment" duration-ms="3063" started-at="2013-02-22T15:59:01Z" depends-on-methods="com.qait.cxp.maintest.ALaunchActivityPageTest.verify_Select_Xml_and_Load" finished-at="2013-02-22T15:59:04Z">
          <reporter-output>
          </reporter-output>
        </test-method> <!-- verify_Take_Assignment -->
      </class> <!-- com.qait.cxp.maintest.ALaunchActivityPageTest -->
    </test> <!-- Default test -->
  </suite> <!-- Default suite -->
</testng-results>
